{"/home/laboratoria/Área de Trabalho/Veridiana archives/creditcardvalidator/lib/index.js":{"path":"/home/laboratoria/Área de Trabalho/Veridiana archives/creditcardvalidator/lib/index.js","statementMap":{"0":{"start":{"line":2,"column":4},"end":{"line":11,"column":5}},"1":{"start":{"line":3,"column":6},"end":{"line":3,"column":19}},"2":{"start":{"line":6,"column":24},"end":{"line":6,"column":45}},"3":{"start":{"line":7,"column":21},"end":{"line":7,"column":23}},"4":{"start":{"line":9,"column":6},"end":{"line":9,"column":43}},"5":{"start":{"line":10,"column":6},"end":{"line":10,"column":32}},"6":{"start":{"line":15,"column":4},"end":{"line":22,"column":5}},"7":{"start":{"line":16,"column":6},"end":{"line":21,"column":7}},"8":{"start":{"line":17,"column":25},"end":{"line":17,"column":43}},"9":{"start":{"line":18,"column":8},"end":{"line":18,"column":73}},"10":{"start":{"line":20,"column":8},"end":{"line":20,"column":44}},"11":{"start":{"line":26,"column":4},"end":{"line":27,"column":16}},"12":{"start":{"line":27,"column":5},"end":{"line":27,"column":14}},"13":{"start":{"line":31,"column":4},"end":{"line":36,"column":5}},"14":{"start":{"line":32,"column":6},"end":{"line":32,"column":18}},"15":{"start":{"line":35,"column":6},"end":{"line":35,"column":19}},"16":{"start":{"line":39,"column":2},"end":{"line":39,"column":33}}},"fnMap":{"0":{"name":"cardValidator","decl":{"start":{"line":1,"column":9},"end":{"line":1,"column":22}},"loc":{"start":{"line":1,"column":35},"end":{"line":12,"column":3}},"line":1},"1":{"name":"multiplyNumbers","decl":{"start":{"line":14,"column":11},"end":{"line":14,"column":26}},"loc":{"start":{"line":14,"column":48},"end":{"line":23,"column":3}},"line":14},"2":{"name":"addNumber","decl":{"start":{"line":25,"column":11},"end":{"line":25,"column":20}},"loc":{"start":{"line":25,"column":29},"end":{"line":28,"column":3}},"line":25},"3":{"name":"(anonymous_3)","decl":{"start":{"line":26,"column":25},"end":{"line":26,"column":26}},"loc":{"start":{"line":27,"column":5},"end":{"line":27,"column":14}},"line":27},"4":{"name":"moduleCard","decl":{"start":{"line":30,"column":11},"end":{"line":30,"column":21}},"loc":{"start":{"line":30,"column":30},"end":{"line":37,"column":3}},"line":30}},"branchMap":{"0":{"loc":{"start":{"line":2,"column":4},"end":{"line":11,"column":5}},"type":"if","locations":[{"start":{"line":2,"column":4},"end":{"line":11,"column":5}},{"start":{"line":2,"column":4},"end":{"line":11,"column":5}}],"line":2},"1":{"loc":{"start":{"line":2,"column":8},"end":{"line":2,"column":53}},"type":"binary-expr","locations":[{"start":{"line":2,"column":8},"end":{"line":2,"column":19}},{"start":{"line":2,"column":23},"end":{"line":2,"column":53}}],"line":2},"2":{"loc":{"start":{"line":16,"column":6},"end":{"line":21,"column":7}},"type":"if","locations":[{"start":{"line":16,"column":6},"end":{"line":21,"column":7}},{"start":{"line":16,"column":6},"end":{"line":21,"column":7}}],"line":16},"3":{"loc":{"start":{"line":18,"column":8},"end":{"line":18,"column":72}},"type":"cond-expr","locations":[{"start":{"line":18,"column":23},"end":{"line":18,"column":48}},{"start":{"line":18,"column":51},"end":{"line":18,"column":72}}],"line":18},"4":{"loc":{"start":{"line":31,"column":4},"end":{"line":36,"column":5}},"type":"if","locations":[{"start":{"line":31,"column":4},"end":{"line":36,"column":5}},{"start":{"line":31,"column":4},"end":{"line":36,"column":5}}],"line":31}},"s":{"0":1,"1":1,"2":0,"3":0,"4":0,"5":0,"6":0,"7":0,"8":0,"9":0,"10":0,"11":0,"12":0,"13":0,"14":0,"15":0,"16":1},"f":{"0":1,"1":0,"2":0,"3":0,"4":0},"b":{"0":[1,0],"1":[1,0],"2":[0,0],"3":[0,0],"4":[0,0]},"_coverageSchema":"43e27e138ebf9cfc5966b082cf9a028302ed4184","hash":"6b4bb5dc4e3387622f38189395e44bebb0ead6c6","contentHash":"817a71a12da1fcc556347abed18258e522d97b997d2a8f0cb937054a99471905"}}