{"/home/laboratoria/Área de Trabalho/Veridiana archives/creditcardvalidator/lib/index.js":{"path":"/home/laboratoria/Área de Trabalho/Veridiana archives/creditcardvalidator/lib/index.js","statementMap":{"0":{"start":{"line":2,"column":4},"end":{"line":11,"column":5}},"1":{"start":{"line":3,"column":6},"end":{"line":3,"column":19}},"2":{"start":{"line":6,"column":24},"end":{"line":6,"column":45}},"3":{"start":{"line":7,"column":21},"end":{"line":7,"column":23}},"4":{"start":{"line":9,"column":6},"end":{"line":9,"column":43}},"5":{"start":{"line":10,"column":6},"end":{"line":10,"column":32}},"6":{"start":{"line":15,"column":4},"end":{"line":22,"column":5}},"7":{"start":{"line":16,"column":6},"end":{"line":21,"column":7}},"8":{"start":{"line":17,"column":25},"end":{"line":17,"column":43}},"9":{"start":{"line":18,"column":8},"end":{"line":18,"column":73}},"10":{"start":{"line":20,"column":8},"end":{"line":20,"column":44}},"11":{"start":{"line":26,"column":4},"end":{"line":27,"column":16}},"12":{"start":{"line":27,"column":5},"end":{"line":27,"column":14}},"13":{"start":{"line":31,"column":4},"end":{"line":36,"column":5}},"14":{"start":{"line":32,"column":6},"end":{"line":32,"column":18}},"15":{"start":{"line":35,"column":6},"end":{"line":35,"column":19}},"16":{"start":{"line":39,"column":2},"end":{"line":39,"column":33}}},"fnMap":{"0":{"name":"cardValidator","decl":{"start":{"line":1,"column":9},"end":{"line":1,"column":22}},"loc":{"start":{"line":1,"column":35},"end":{"line":12,"column":3}},"line":1},"1":{"name":"multiplyNumbers","decl":{"start":{"line":14,"column":11},"end":{"line":14,"column":26}},"loc":{"start":{"line":14,"column":48},"end":{"line":23,"column":3}},"line":14},"2":{"name":"addNumber","decl":{"start":{"line":25,"column":11},"end":{"line":25,"column":20}},"loc":{"start":{"line":25,"column":29},"end":{"line":28,"column":3}},"line":25},"3":{"name":"(anonymous_3)","decl":{"start":{"line":26,"column":25},"end":{"line":26,"column":26}},"loc":{"start":{"line":27,"column":5},"end":{"line":27,"column":14}},"line":27},"4":{"name":"moduleCard","decl":{"start":{"line":30,"column":11},"end":{"line":30,"column":21}},"loc":{"start":{"line":30,"column":30},"end":{"line":37,"column":3}},"line":30}},"branchMap":{"0":{"loc":{"start":{"line":2,"column":4},"end":{"line":11,"column":5}},"type":"if","locations":[{"start":{"line":2,"column":4},"end":{"line":11,"column":5}},{"start":{"line":2,"column":4},"end":{"line":11,"column":5}}],"line":2},"1":{"loc":{"start":{"line":2,"column":8},"end":{"line":2,"column":53}},"type":"binary-expr","locations":[{"start":{"line":2,"column":8},"end":{"line":2,"column":19}},{"start":{"line":2,"column":23},"end":{"line":2,"column":53}}],"line":2},"2":{"loc":{"start":{"line":16,"column":6},"end":{"line":21,"column":7}},"type":"if","locations":[{"start":{"line":16,"column":6},"end":{"line":21,"column":7}},{"start":{"line":16,"column":6},"end":{"line":21,"column":7}}],"line":16},"3":{"loc":{"start":{"line":18,"column":8},"end":{"line":18,"column":72}},"type":"cond-expr","locations":[{"start":{"line":18,"column":23},"end":{"line":18,"column":48}},{"start":{"line":18,"column":51},"end":{"line":18,"column":72}}],"line":18},"4":{"loc":{"start":{"line":31,"column":4},"end":{"line":36,"column":5}},"type":"if","locations":[{"start":{"line":31,"column":4},"end":{"line":36,"column":5}},{"start":{"line":31,"column":4},"end":{"line":36,"column":5}}],"line":31}},"s":{"0":9,"1":3,"2":6,"3":6,"4":6,"5":6,"6":6,"7":86,"8":44,"9":44,"10":42,"11":6,"12":80,"13":6,"14":5,"15":1,"16":1},"f":{"0":9,"1":6,"2":6,"3":80,"4":6},"b":{"0":[3,6],"1":[9,7],"2":[44,42],"3":[20,24],"4":[5,1]},"_coverageSchema":"43e27e138ebf9cfc5966b082cf9a028302ed4184","hash":"6b4bb5dc4e3387622f38189395e44bebb0ead6c6","contentHash":"8726d742528aa961eb8224da9366b119805ecd1e4047e55704f31d89f2c6e910"}}